<?xml version="1.0" encoding="UTF-8" ?>
<testsuite failures="0" time="1.75" errors="1" skipped="0" tests="1" name="com.depp.stone.spring.DependencyInjectionCtxTest">
  <properties>
[...]
</properties>
  <testcase time="1.594" classname="com.depp.stone.spring.DependencyInjectionCtxTest" name="testDemo">
    <error message="Error creating bean with name &apos;com.depp.stone.spring.DependencyInjectionCtxTest&apos;: Unsatisfied dependency expressed through bean property &apos;serive&apos;: Set this property value or disable dependency checking for this bean." type="org.springframework.beans.factory.UnsatisfiedDependencyException">org.springframework.beans.factory.UnsatisfiedDependencyException: Error creating bean with name &apos;com.depp.stone.spring.DependencyInjectionCtxTest&apos;: Unsatisfied dependency expressed through bean property &apos;serive&apos;: Set this property value or disable dependency checking for this bean.
	at org.springframework.beans.factory.support.AbstractAutowireCapableBeanFactory.checkDependencies(AbstractAutowireCapableBeanFactory.java:1260)
	at org.springframework.beans.factory.support.AbstractAutowireCapableBeanFactory.populateBean(AbstractAutowireCapableBeanFactory.java:1082)
	at org.springframework.beans.factory.support.AbstractAutowireCapableBeanFactory.autowireBeanProperties(AbstractAutowireCapableBeanFactory.java:374)
	at org.springframework.test.AbstractDependencyInjectionSpringContextTests.injectDependencies(AbstractDependencyInjectionSpringContextTests.java:208)
	at org.springframework.test.AbstractDependencyInjectionSpringContextTests.prepareTestInstance(AbstractDependencyInjectionSpringContextTests.java:183)
	at org.springframework.test.AbstractSingleSpringContextTests.setUp(AbstractSingleSpringContextTests.java:103)
	at junit.framework.TestCase.runBare(TestCase.java:132)
	at org.springframework.test.ConditionalTestCase.runBare(ConditionalTestCase.java:79)
	at junit.framework.TestResult$1.protect(TestResult.java:110)
	at junit.framework.TestResult.runProtected(TestResult.java:128)
	at junit.framework.TestResult.run(TestResult.java:113)
	at junit.framework.TestCase.run(TestCase.java:124)
	at junit.framework.TestSuite.runTest(TestSuite.java:232)
	at junit.framework.TestSuite.run(TestSuite.java:227)
	at org.junit.internal.runners.JUnit38ClassRunner.run(JUnit38ClassRunner.java:83)
	at org.apache.maven.surefire.junit4.JUnit4TestSet.execute(JUnit4TestSet.java:59)
	at org.apache.maven.surefire.suite.AbstractDirectoryTestSuite.executeTestSet(AbstractDirectoryTestSuite.java:120)
	at org.apache.maven.surefire.suite.AbstractDirectoryTestSuite.execute(AbstractDirectoryTestSuite.java:103)
	at org.apache.maven.surefire.Surefire.run(Surefire.java:169)
	at sun.reflect.NativeMethodAccessorImpl.invoke0(Native Method)
	at sun.reflect.NativeMethodAccessorImpl.invoke(NativeMethodAccessorImpl.java:39)
	at sun.reflect.DelegatingMethodAccessorImpl.invoke(DelegatingMethodAccessorImpl.java:25)
	at java.lang.reflect.Method.invoke(Method.java:597)
	at org.apache.maven.surefire.booter.SurefireBooter.runSuitesInProcess(SurefireBooter.java:350)
	at org.apache.maven.surefire.booter.SurefireBooter.main(SurefireBooter.java:1021)
</error>
    <system-err>Sep 8, 2011 5:59:34 PM org.springframework.test.AbstractSingleSpringContextTests loadContextLocations
INFO: Loading context for locations: classpath:applicationContext.xml
Sep 8, 2011 5:59:35 PM org.springframework.beans.factory.xml.XmlBeanDefinitionReader loadBeanDefinitions
INFO: Loading XML bean definitions from class path resource [applicationContext.xml]
Sep 8, 2011 5:59:36 PM org.springframework.context.support.AbstractApplicationContext prepareRefresh
INFO: Refreshing org.springframework.context.support.GenericApplicationContext@117a8bd: startup date [Thu Sep 08 17:59:36 CST 2011]; root of context hierarchy
Sep 8, 2011 5:59:36 PM org.springframework.beans.factory.support.DefaultListableBeanFactory preInstantiateSingletons
INFO: Pre-instantiating singletons in org.springframework.beans.factory.support.DefaultListableBeanFactory@1394894: defining beans [com.depp.stone.spring.User#0]; root of factory hierarchy
</system-err>
  </testcase>
</testsuite>